{"C:\\POCs\\ReactJs\\src\\Utils\\AppStore.js": {"path":"C:\\POCs\\ReactJs\\src\\Utils\\AppStore.js","statementMap":{"0":{"start":{"line":4,"column":15},"end":{"line":8,"column":2}}},"fnMap":{},"branchMap":{},"s":{"0":1},"f":{},"b":{},"_coverageSchema":"1a1c01bbd47fc00a2c39e90264f33305004495a9","hash":"78d030f3cdcd21218410f5329c320a2115febae0"}
,"C:\\POCs\\ReactJs\\src\\Utils\\cartSlice.js": {"path":"C:\\POCs\\ReactJs\\src\\Utils\\cartSlice.js","statementMap":{"0":{"start":{"line":3,"column":18},"end":{"line":19,"column":2}},"1":{"start":{"line":9,"column":6},"end":{"line":9,"column":39}},"2":{"start":{"line":10,"column":6},"end":{"line":10,"column":38}},"3":{"start":{"line":13,"column":8},"end":{"line":13,"column":26}},"4":{"start":{"line":16,"column":8},"end":{"line":16,"column":29}},"5":{"start":{"line":21,"column":44},"end":{"line":21,"column":61}}},"fnMap":{"0":{"name":"(anonymous_0)","decl":{"start":{"line":7,"column":12},"end":{"line":7,"column":13}},"loc":{"start":{"line":7,"column":28},"end":{"line":11,"column":5}},"line":7},"1":{"name":"(anonymous_1)","decl":{"start":{"line":12,"column":15},"end":{"line":12,"column":16}},"loc":{"start":{"line":12,"column":24},"end":{"line":14,"column":5}},"line":12},"2":{"name":"(anonymous_2)","decl":{"start":{"line":15,"column":14},"end":{"line":15,"column":15}},"loc":{"start":{"line":15,"column":23},"end":{"line":17,"column":5}},"line":15}},"branchMap":{},"s":{"0":1,"1":0,"2":0,"3":0,"4":0,"5":1},"f":{"0":0,"1":0,"2":0},"b":{},"_coverageSchema":"1a1c01bbd47fc00a2c39e90264f33305004495a9","hash":"1cd0cc8886924ce53dad29b2906e51ff189097de"}
,"C:\\POCs\\ReactJs\\src\\Utils\\constants.js": {"path":"C:\\POCs\\ReactJs\\src\\Utils\\constants.js","statementMap":{"0":{"start":{"line":1,"column":21},"end":{"line":1,"column":104}},"1":{"start":{"line":2,"column":23},"end":{"line":2,"column":93}},"2":{"start":{"line":3,"column":21},"end":{"line":3,"column":77}},"3":{"start":{"line":4,"column":24},"end":{"line":4,"column":231}},"4":{"start":{"line":1928,"column":26},"end":{"line":1928,"column":79}}},"fnMap":{},"branchMap":{},"s":{"0":1,"1":1,"2":1,"3":1,"4":1},"f":{},"b":{},"_coverageSchema":"1a1c01bbd47fc00a2c39e90264f33305004495a9","hash":"03f2266576e8780ab1d2e4a92fbc8a2d79b8a140"}
,"C:\\POCs\\ReactJs\\src\\Utils\\useOnlineStatus.js": {"path":"C:\\POCs\\ReactJs\\src\\Utils\\useOnlineStatus.js","statementMap":{"0":{"start":{"line":3,"column":0},"end":{"line":3,"column":38}},"1":{"start":{"line":5,"column":24},"end":{"line":20,"column":1}},"2":{"start":{"line":6,"column":42},"end":{"line":6,"column":68}},"3":{"start":{"line":8,"column":2},"end":{"line":17,"column":9}},"4":{"start":{"line":9,"column":4},"end":{"line":11,"column":7}},"5":{"start":{"line":10,"column":6},"end":{"line":10,"column":29}},"6":{"start":{"line":13,"column":4},"end":{"line":16,"column":7}},"7":{"start":{"line":14,"column":6},"end":{"line":14,"column":28}},"8":{"start":{"line":15,"column":6},"end":{"line":15,"column":65}},"9":{"start":{"line":19,"column":2},"end":{"line":19,"column":22}}},"fnMap":{"0":{"name":"(anonymous_0)","decl":{"start":{"line":5,"column":24},"end":{"line":5,"column":25}},"loc":{"start":{"line":5,"column":30},"end":{"line":20,"column":1}},"line":5},"1":{"name":"(anonymous_1)","decl":{"start":{"line":8,"column":12},"end":{"line":8,"column":13}},"loc":{"start":{"line":8,"column":18},"end":{"line":17,"column":3}},"line":8},"2":{"name":"(anonymous_2)","decl":{"start":{"line":9,"column":39},"end":{"line":9,"column":40}},"loc":{"start":{"line":9,"column":45},"end":{"line":11,"column":5}},"line":9},"3":{"name":"(anonymous_3)","decl":{"start":{"line":13,"column":38},"end":{"line":13,"column":39}},"loc":{"start":{"line":13,"column":44},"end":{"line":16,"column":5}},"line":13}},"branchMap":{},"s":{"0":1,"1":1,"2":1,"3":1,"4":1,"5":0,"6":1,"7":0,"8":0,"9":1},"f":{"0":1,"1":1,"2":0,"3":0},"b":{},"_coverageSchema":"1a1c01bbd47fc00a2c39e90264f33305004495a9","hash":"b4b2dd9edf6ba2438d9de56f295f5e3074dfe351"}
,"C:\\POCs\\ReactJs\\src\\Utils\\userContext.js": {"path":"C:\\POCs\\ReactJs\\src\\Utils\\userContext.js","statementMap":{"0":{"start":{"line":3,"column":19},"end":{"line":5,"column":2}}},"fnMap":{},"branchMap":{},"s":{"0":1},"f":{},"b":{},"_coverageSchema":"1a1c01bbd47fc00a2c39e90264f33305004495a9","hash":"9fd14f2f6441d2ef63da254ea2a4b019f4b45b7b"}
,"C:\\POCs\\ReactJs\\src\\components\\Contact.js": {"path":"C:\\POCs\\ReactJs\\src\\components\\Contact.js","statementMap":{"0":{"start":{"line":3,"column":16},"end":{"line":51,"column":1}},"1":{"start":{"line":4,"column":2},"end":{"line":50,"column":4}}},"fnMap":{"0":{"name":"(anonymous_0)","decl":{"start":{"line":3,"column":16},"end":{"line":3,"column":17}},"loc":{"start":{"line":3,"column":22},"end":{"line":51,"column":1}},"line":3}},"branchMap":{},"s":{"0":1,"1":3},"f":{"0":3},"b":{},"_coverageSchema":"1a1c01bbd47fc00a2c39e90264f33305004495a9","hash":"97ee52e1ff88fa00ac2274193f3d4c5d3e71f00f"}
,"C:\\POCs\\ReactJs\\src\\components\\Header.js": {"path":"C:\\POCs\\ReactJs\\src\\components\\Header.js","statementMap":{"0":{"start":{"line":8,"column":15},"end":{"line":67,"column":1}},"1":{"start":{"line":10,"column":40},"end":{"line":10,"column":57}},"2":{"start":{"line":11,"column":23},"end":{"line":11,"column":40}},"3":{"start":{"line":12,"column":15},"end":{"line":12,"column":38}},"4":{"start":{"line":14,"column":23},"end":{"line":14,"column":40}},"5":{"start":{"line":15,"column":20},"end":{"line":15,"column":60}},"6":{"start":{"line":15,"column":43},"end":{"line":15,"column":59}},"7":{"start":{"line":17,"column":2},"end":{"line":66,"column":4}},"8":{"start":{"line":55,"column":16},"end":{"line":57,"column":18}},"9":{"start":{"line":56,"column":18},"end":{"line":56,"column":75}}},"fnMap":{"0":{"name":"(anonymous_0)","decl":{"start":{"line":8,"column":15},"end":{"line":8,"column":16}},"loc":{"start":{"line":8,"column":21},"end":{"line":67,"column":1}},"line":8},"1":{"name":"(anonymous_1)","decl":{"start":{"line":15,"column":32},"end":{"line":15,"column":33}},"loc":{"start":{"line":15,"column":43},"end":{"line":15,"column":59}},"line":15},"2":{"name":"(anonymous_2)","decl":{"start":{"line":54,"column":23},"end":{"line":54,"column":24}},"loc":{"start":{"line":54,"column":29},"end":{"line":58,"column":15}},"line":54},"3":{"name":"(anonymous_3)","decl":{"start":{"line":55,"column":32},"end":{"line":55,"column":33}},"loc":{"start":{"line":56,"column":18},"end":{"line":56,"column":75}},"line":56}},"branchMap":{"0":{"loc":{"start":{"line":27,"column":23},"end":{"line":27,"column":49}},"type":"cond-expr","locations":[{"start":{"line":27,"column":38},"end":{"line":27,"column":42}},{"start":{"line":27,"column":45},"end":{"line":27,"column":49}}],"line":27},"1":{"loc":{"start":{"line":43,"column":15},"end":{"line":47,"column":15}},"type":"binary-expr","locations":[{"start":{"line":43,"column":15},"end":{"line":43,"column":35}},{"start":{"line":44,"column":16},"end":{"line":46,"column":23}}],"line":43},"2":{"loc":{"start":{"line":56,"column":18},"end":{"line":56,"column":75}},"type":"cond-expr","locations":[{"start":{"line":56,"column":47},"end":{"line":56,"column":55}},{"start":{"line":56,"column":58},"end":{"line":56,"column":75}}],"line":56}},"s":{"0":1,"1":1,"2":1,"3":1,"4":1,"5":1,"6":2,"7":1,"8":0,"9":0},"f":{"0":1,"1":2,"2":0,"3":0},"b":{"0":[1,0],"1":[1,0],"2":[0,0]},"_coverageSchema":"1a1c01bbd47fc00a2c39e90264f33305004495a9","hash":"a3e846e418a08552c56a1588f54241ca51b3f210"}
}
